#
# A fatal error has been detected by the Java Runtime Environment:
#
#  SIGSEGV (0xb) at pc=0x00007f93a34828a7, pid=10287, tid=140271817828096
#
# JRE version: 7.0_15-b20
# Java VM: OpenJDK 64-Bit Server VM (23.7-b01 mixed mode linux-amd64 compressed oops)
# Problematic frame:
# V  [libjvm.so+0x52a8a7]  java_lang_String::length(oopDesc*) [clone .part.112]+0x37
#
# Failed to write core dump. Core dumps have been disabled. To enable core dumping, try "ulimit -c unlimited" before starting Java again
#
# If you would like to submit a bug report, please include
# instructions on how to reproduce the bug and visit:
#   https://bugs.launchpad.net/ubuntu/+source/openjdk-7/
#

---------------  T H R E A D  ---------------

Current thread (0x00007f939c112000):  JavaThread "JDWP Transport Listener: dt_socket" daemon [_thread_in_vm, id=10302, stack(0x00007f9393cfa000,0x00007f9393dfb000)]

siginfo:si_signo=SIGSEGV: si_errno=0, si_code=1 (SEGV_MAPERR), si_addr=0x000000000000000c

Registers:
RAX=0x0000000000000000, RBX=0x0000000000000000, RCX=0x00007f93a404e2e0, RDX=0x000000000000000c
RSP=0x00007f9393df9ab0, RBP=0x00007f9393df9ab0, RSI=0x0000000000000006, RDI=0x00000000ebdb8cf8
R8 =0x0000000000000008, R9 =0x0101010101010101, R10=0x000000000000000a, R11=0x00007f93a42e2d3a
R12=0x0000000000000001, R13=0x0000000000000000, R14=0x0000000000000000, R15=0x000000000000000a
RIP=0x00007f93a34828a7, EFLAGS=0x0000000000010246, CSGSFS=0x0000000000000033, ERR=0x0000000000000004
  TRAPNO=0x000000000000000e

Top of Stack: (sp=0x00007f9393df9ab0)
0x00007f9393df9ab0:   00007f9393df9ae0 00007f93a3483575
0x00007f9393df9ac0:   00007f939c112000 00007f939c112000
0x00007f9393df9ad0:   00000000ebdb8cf8 00007f9370005648
0x00007f9393df9ae0:   00007f9393df9b50 00007f93a348f852
0x00007f9393df9af0:   00007f93a20fcea0 0000000000000000
0x00007f9393df9b00:   00007f939c112000 0000000000000000
0x00007f9393df9b10:   00007f9370005648 00007f9393df9bf0
0x00007f9393df9b20:   00007f939c112000 00007f939c1121d8
0x00007f9393df9b30:   00007f93a20fcea0 00007f9370005648
0x00007f9393df9b40:   00007f9393df9c20 000000000000000a
0x00007f9393df9b50:   00007f9393df9b90 00007f93a1ecb002
0x00007f9393df9b60:   000000000000000a 0000000000010a00
0x00007f9393df9b70:   000000000000000a 0000000000000001
0x00007f9393df9b80:   00007f93a20fcea0 000000000000000a
0x00007f9393df9b90:   00007f9393df9de0 00007f93a1ed37b0
0x00007f9393df9ba0:   000001cf00000013 01007f939c010a00
0x00007f9393df9bb0:   00007f9368000b70 00007f93a3e41104
0x00007f9393df9bc0:   00007f939c108670 00007f939c112000
0x00007f9393df9bd0:   000001cf00000013 01007f939c010a00
0x00007f9393df9be0:   00007f9368000b70 00007f93a3541130
0x00007f9393df9bf0:   00007f9368000b78 000000000000000b
0x00007f9393df9c00:   000001cf00000013 01007f939c010a00
0x00007f9393df9c10:   00007f9368000b70 00007f93700043d0
0x00007f9393df9c20:   00007f9393df9c70 00007f930000012c
0x00007f9393df9c30:   00007f9393df9c38 0000000000000000
0x00007f9393df9c40:   00007f9393df9c70 0000000000000000
0x00007f9393df9c50:   00007f0000000000 000001cf00000170
0x00007f9393df9c60:   00007f930000f580 0000000000000000
0x00007f9393df9c70:   0000000007000000 0500000032000000
0x00007f9393df9c80:   00000065756c6176 0000000000435b02
0x00007f9393df9c90:   0000000000120000 6804000000420000
0x00007f9393df9ca0:   4901000000687361 0200000000000000 

Instructions: (pc=0x00007f93a34828a7)
0x00007f93a3482887:   8b 14 07 31 c0 85 d2 74 12 89 d0 48 8b 15 87 aa
0x00007f93a3482897:   74 00 8b 4a 08 48 d3 e0 48 03 02 ba 0c 00 00 00
0x00007f93a34828a7:   8b 04 10 5d c3 0f 1f 40 00 48 8b 04 07 ba 10 00
0x00007f93a34828b7:   00 00 5d 8b 04 10 c3 66 90 55 48 89 d0 48 89 ca 

Register to memory mapping:

RAX=0x0000000000000000 is an unknown value
RBX=0x0000000000000000 is an unknown value
RCX=0x00007f93a404e2e0: <offset 0x2182e0> in /lib/x86_64-linux-gnu/libpthread.so.0 at 0x00007f93a3e36000
RDX=0x000000000000000c is an unknown value
RSP=0x00007f9393df9ab0 is pointing into the stack for thread: 0x00007f939c112000
RBP=0x00007f9393df9ab0 is pointing into the stack for thread: 0x00007f939c112000
RSI=0x0000000000000006 is an unknown value
RDI=0x00000000ebdb8cf8 is an oop
java.lang.String 
 - klass: 'java/lang/String'
R8 =0x0000000000000008 is an unknown value
R9 =0x0101010101010101 is an unknown value
R10=0x000000000000000a is an unknown value
R11=0x00007f93a42e2d3a: <offset 0x8bd3a> in /lib/x86_64-linux-gnu/libc.so.6 at 0x00007f93a4257000
R12=0x0000000000000001 is an unknown value
R13=0x0000000000000000 is an unknown value
R14=0x0000000000000000 is an unknown value
R15=0x000000000000000a is an unknown value


Stack: [0x00007f9393cfa000,0x00007f9393dfb000],  sp=0x00007f9393df9ab0,  free space=1022k
Native frames: (J=compiled Java code, j=interpreted, Vv=VM code, C=native code)
V  [libjvm.so+0x52a8a7]  java_lang_String::length(oopDesc*) [clone .part.112]+0x37
V  [libjvm.so+0x52b575]  java_lang_String::utf8_length(oopDesc*)+0xa5
V  [libjvm.so+0x537852]  jni_GetStringUTFChars+0x82
C  [libjdwp.so+0x9002]  getenv+0x9002
C  [libjdwp.so+0x117b0]  Agent_OnLoad+0x2970
C  [libjdwp.so+0x235ae]  Agent_OnLoad+0x1476e
V  [libjvm.so+0x5e46ab]  JvmtiAgentThread::call_start_function()+0x9b
V  [libjvm.so+0x816522]  JavaThread::thread_main_inner()+0xf2
V  [libjvm.so+0x6f9a52]  java_start(Thread*)+0xf2


---------------  P R O C E S S  ---------------

Java Threads: ( => current thread )
  0x00007f939c11d000 JavaThread "Service Thread" daemon [_thread_blocked, id=10310, stack(0x00007f93937f5000,0x00007f93938f6000)]
  0x00007f939c11a800 JavaThread "C2 CompilerThread1" daemon [_thread_blocked, id=10309, stack(0x00007f93938f6000,0x00007f93939f7000)]
  0x00007f939c118000 JavaThread "C2 CompilerThread0" daemon [_thread_blocked, id=10308, stack(0x00007f93939f7000,0x00007f9393af8000)]
  0x00007f9370001000 JavaThread "JDWP Command Reader" daemon [_thread_in_native, id=10306, stack(0x00007f9393af8000,0x00007f9393bf9000)]
  0x00007f939c115800 JavaThread "JDWP Event Helper Thread" daemon [_thread_blocked, id=10305, stack(0x00007f9393bf9000,0x00007f9393cfa000)]
=>0x00007f939c112000 JavaThread "JDWP Transport Listener: dt_socket" daemon [_thread_in_vm, id=10302, stack(0x00007f9393cfa000,0x00007f9393dfb000)]
  0x00007f939c105000 JavaThread "Signal Dispatcher" daemon [_thread_blocked, id=10300, stack(0x00007f9398078000,0x00007f9398179000)]
  0x00007f939c0b0000 JavaThread "Finalizer" daemon [_thread_blocked, id=10299, stack(0x00007f9398179000,0x00007f939827a000)]
  0x00007f939c0ad800 JavaThread "Reference Handler" daemon [_thread_blocked, id=10298, stack(0x00007f939827a000,0x00007f939837b000)]
  0x00007f939c00b800 JavaThread "main" [_thread_blocked, id=10289, stack(0x00007f93a495f000,0x00007f93a4a60000)]

Other Threads:
  0x00007f939c0a5800 VMThread [stack: 0x00007f939837b000,0x00007f939847c000] [id=10297]
  0x00007f939c127800 WatcherThread [stack: 0x00007f93936f4000,0x00007f93937f5000] [id=10311]

VM state:not at safepoint (normal execution)

VM Mutex/Monitor currently owned by a thread: None

Heap
 PSYoungGen      total 18112K, used 1244K [0x00000000ebcb0000, 0x00000000ed0e0000, 0x0000000100000000)
  eden space 15552K, 8% used [0x00000000ebcb0000,0x00000000ebde7270,0x00000000ecbe0000)
  from space 2560K, 0% used [0x00000000ece60000,0x00000000ece60000,0x00000000ed0e0000)
  to   space 2560K, 0% used [0x00000000ecbe0000,0x00000000ecbe0000,0x00000000ece60000)
 ParOldGen       total 41408K, used 0K [0x00000000c3600000, 0x00000000c5e70000, 0x00000000ebcb0000)
  object space 41408K, 0% used [0x00000000c3600000,0x00000000c3600000,0x00000000c5e70000)
 PSPermGen       total 21248K, used 2959K [0x00000000b9000000, 0x00000000ba4c0000, 0x00000000c3600000)
  object space 21248K, 13% used [0x00000000b9000000,0x00000000b92e3eb8,0x00000000ba4c0000)

Card table byte_map: [0x00007f93a0d77000,0x00007f93a0fb0000] byte_map_base: 0x00007f93a07af000

Polling page: 0x00007f93a495e000

Code Cache  [0x00007f9399000000, 0x00007f9399270000, 0x00007f939c000000)
 total_blobs=172 nmethods=1 adapters=132 free_code_cache=48773Kb largest_free_block=49928384

Compilation events (2 events):
Event: 0.161 Thread 0x00007f939c118000    1 %           jmmScanner::zzUnpackCMap @ 32 (56 bytes)
Event: 0.174 Thread 0x00007f939c118000 nmethod 1% 0x00007f939905ef90 code [0x00007f939905f0e0, 0x00007f939905f3f8]

GC Heap History (0 events):
No events

Deoptimization events (0 events):
No events

Internal exceptions (10 events):
Event: 0.136 Thread 0x00007f939c00b800 Threw 0x00000000ebcfcbc0 at /build/buildd/openjdk-7-7u15-2.3.7/build/openjdk/hotspot/src/share/vm/prims/jvm.cpp:1166
Event: 0.136 Thread 0x00007f939c00b800 Threw 0x00000000ebcfcce8 at /build/buildd/openjdk-7-7u15-2.3.7/build/openjdk/hotspot/src/share/vm/prims/jvm.cpp:1166
Event: 0.137 Thread 0x00007f939c00b800 Threw 0x00000000ebd51148 at /build/buildd/openjdk-7-7u15-2.3.7/build/openjdk/hotspot/src/share/vm/prims/jvm.cpp:1166
Event: 0.142 Thread 0x00007f939c00b800 Threw 0x00000000ebd560f0 at /build/buildd/openjdk-7-7u15-2.3.7/build/openjdk/hotspot/src/share/vm/prims/jvm.cpp:1166
Event: 0.148 Thread 0x00007f939c00b800 Threw 0x00000000ebd5efd8 at /build/buildd/openjdk-7-7u15-2.3.7/build/openjdk/hotspot/src/share/vm/prims/jvm.cpp:1166
Event: 0.168 Thread 0x00007f939c00b800 Threw 0x00000000ebd93838 at /build/buildd/openjdk-7-7u15-2.3.7/build/openjdk/hotspot/src/share/vm/prims/jvm.cpp:1166
Event: 0.168 Thread 0x00007f939c00b800 Threw 0x00000000ebd99ee0 at /build/buildd/openjdk-7-7u15-2.3.7/build/openjdk/hotspot/src/share/vm/prims/jvm.cpp:1166
Event: 0.175 Thread 0x00007f939c00b800 Threw 0x00000000ebda50e0 at /build/buildd/openjdk-7-7u15-2.3.7/build/openjdk/hotspot/src/share/vm/prims/jvm.cpp:1166
Event: 0.177 Thread 0x00007f939c00b800 Threw 0x00000000ebdaf5f8 at /build/buildd/openjdk-7-7u15-2.3.7/build/openjdk/hotspot/src/share/vm/prims/jvm.cpp:1166
Event: 0.177 Thread 0x00007f939c00b800 Threw 0x00000000ebdb30f0 at /build/buildd/openjdk-7-7u15-2.3.7/build/openjdk/hotspot/src/share/vm/prims/jvm.cpp:1166

Events (10 events):
Event: 7.443 Executing VM operation: GetCurrentLocation
Event: 7.443 Executing VM operation: GetCurrentLocation done
Event: 7.443 Executing VM operation: ChangeSingleStep
Event: 7.443 Executing VM operation: ChangeSingleStep done
Event: 7.445 Executing VM operation: ChangeSingleStep
Event: 7.445 Executing VM operation: ChangeSingleStep done
Event: 7.501 Executing VM operation: GetOrSetLocal
Event: 7.501 Executing VM operation: GetOrSetLocal done
Event: 7.515 Executing VM operation: GetOrSetLocal
Event: 7.515 Executing VM operation: GetOrSetLocal done


Dynamic libraries:
00400000-00401000 r-xp 00000000 07:00 678378                             /usr/lib/jvm/java-7-openjdk-amd64/jre/bin/java
00600000-00601000 r--p 00000000 07:00 678378                             /usr/lib/jvm/java-7-openjdk-amd64/jre/bin/java
00601000-00602000 rw-p 00001000 07:00 678378                             /usr/lib/jvm/java-7-openjdk-amd64/jre/bin/java
00758000-00779000 rw-p 00000000 00:00 0                                  [heap]
b9000000-ba4c0000 rw-p 00000000 00:00 0 
ba4c0000-c3600000 rw-p 00000000 00:00 0 
c3600000-c5e70000 rw-p 00000000 00:00 0 
c5e70000-ebcb0000 rw-p 00000000 00:00 0 
ebcb0000-ed0e0000 rw-p 00000000 00:00 0 
ed0e0000-100000000 rw-p 00000000 00:00 0 
7f9358000000-7f9358021000 rw-p 00000000 00:00 0 
7f9358021000-7f935c000000 ---p 00000000 00:00 0 
7f9360000000-7f9360021000 rw-p 00000000 00:00 0 
7f9360021000-7f9364000000 ---p 00000000 00:00 0 
7f9364000000-7f9364021000 rw-p 00000000 00:00 0 
7f9364021000-7f9368000000 ---p 00000000 00:00 0 
7f9368000000-7f9368021000 rw-p 00000000 00:00 0 
7f9368021000-7f936c000000 ---p 00000000 00:00 0 
7f936c000000-7f936c09c000 rw-p 00000000 00:00 0 
7f936c09c000-7f9370000000 ---p 00000000 00:00 0 
7f9370000000-7f9370021000 rw-p 00000000 00:00 0 
7f9370021000-7f9374000000 ---p 00000000 00:00 0 
7f9374000000-7f9374021000 rw-p 00000000 00:00 0 
7f9374021000-7f9378000000 ---p 00000000 00:00 0 
7f9378000000-7f9378021000 rw-p 00000000 00:00 0 
7f9378021000-7f937c000000 ---p 00000000 00:00 0 
7f937c000000-7f937c021000 rw-p 00000000 00:00 0 
7f937c021000-7f9380000000 ---p 00000000 00:00 0 
7f9380000000-7f9380021000 rw-p 00000000 00:00 0 
7f9380021000-7f9384000000 ---p 00000000 00:00 0 
7f9384000000-7f9384021000 rw-p 00000000 00:00 0 
7f9384021000-7f9388000000 ---p 00000000 00:00 0 
7f9388000000-7f9388021000 rw-p 00000000 00:00 0 
7f9388021000-7f938c000000 ---p 00000000 00:00 0 
7f938ec80000-7f9391000000 rw-p 00000000 00:00 0 
7f93935ae000-7f93936f1000 rw-p 00000000 00:00 0 
7f93936f1000-7f93936f4000 r--s 0003c000 07:00 657629                     /usr/lib/jvm/java-7-openjdk-common/jre/lib/ext/sunpkcs11.jar
7f93936f4000-7f93936f5000 ---p 00000000 00:00 0 
7f93936f5000-7f93937f5000 rw-p 00000000 00:00 0                          [stack:10311]
7f93937f5000-7f93937f8000 ---p 00000000 00:00 0 
7f93937f8000-7f93938f6000 rw-p 00000000 00:00 0                          [stack:10310]
7f93938f6000-7f93938f9000 ---p 00000000 00:00 0 
7f93938f9000-7f93939f7000 rw-p 00000000 00:00 0                          [stack:10309]
7f93939f7000-7f93939fa000 ---p 00000000 00:00 0 
7f93939fa000-7f9393af8000 rw-p 00000000 00:00 0                          [stack:10308]
7f9393af8000-7f9393afb000 ---p 00000000 00:00 0 
7f9393afb000-7f9393bf9000 rw-p 00000000 00:00 0                          [stack:10306]
7f9393bf9000-7f9393bfc000 ---p 00000000 00:00 0 
7f9393bfc000-7f9393cfa000 rw-p 00000000 00:00 0                          [stack:10305]
7f9393cfa000-7f9393cfd000 ---p 00000000 00:00 0 
7f9393cfd000-7f9393dfb000 rw-p 00000000 00:00 0                          [stack:10302]
7f9393dfb000-7f9393dff000 r-xp 00000000 07:00 678375                     /usr/lib/jvm/java-7-openjdk-amd64/jre/lib/amd64/libdt_socket.so
7f9393dff000-7f9393ffe000 ---p 00004000 07:00 678375                     /usr/lib/jvm/java-7-openjdk-amd64/jre/lib/amd64/libdt_socket.so
7f9393ffe000-7f9393fff000 r--p 00003000 07:00 678375                     /usr/lib/jvm/java-7-openjdk-amd64/jre/lib/amd64/libdt_socket.so
7f9393fff000-7f9394000000 rw-p 00004000 07:00 678375                     /usr/lib/jvm/java-7-openjdk-amd64/jre/lib/amd64/libdt_socket.so
7f9394000000-7f9394021000 rw-p 00000000 00:00 0 
7f9394021000-7f9398000000 ---p 00000000 00:00 0 
7f9398078000-7f939807b000 ---p 00000000 00:00 0 
7f939807b000-7f9398179000 rw-p 00000000 00:00 0                          [stack:10300]
7f9398179000-7f939817c000 ---p 00000000 00:00 0 
7f939817c000-7f939827a000 rw-p 00000000 00:00 0                          [stack:10299]
7f939827a000-7f939827d000 ---p 00000000 00:00 0 
7f939827d000-7f939837b000 rw-p 00000000 00:00 0                          [stack:10298]
7f939837b000-7f939837c000 ---p 00000000 00:00 0 
7f939837c000-7f9398e54000 rw-p 00000000 00:00 0                          [stack:10297]
7f9398e54000-7f9399000000 r--s 01cdd000 07:00 678340                     /usr/lib/jvm/java-7-openjdk-amd64/jre/lib/rt.jar
7f9399000000-7f9399270000 rwxp 00000000 00:00 0 
7f9399270000-7f939c1ef000 rw-p 00000000 00:00 0 
7f939c1ef000-7f93a0000000 ---p 00000000 00:00 0 
7f93a0036000-7f93a09de000 rw-p 00000000 00:00 0 
7f93a09de000-7f93a09df000 ---p 00000000 00:00 0 
7f93a09df000-7f93a0adf000 rw-p 00000000 00:00 0                          [stack:10295]
7f93a0adf000-7f93a0ae0000 ---p 00000000 00:00 0 
7f93a0ae0000-7f93a0beb000 rw-p 00000000 00:00 0                          [stack:10292]
7f93a0beb000-7f93a0c33000 rw-p 00000000 00:00 0 
7f93a0c33000-7f93a0c48000 rw-p 00000000 00:00 0 
7f93a0c48000-7f93a0d77000 rw-p 00000000 00:00 0 
7f93a0d77000-7f93a0d82000 rw-p 00000000 00:00 0 
7f93a0d82000-7f93a0dca000 rw-p 00000000 00:00 0 
7f93a0dca000-7f93a0ddf000 rw-p 00000000 00:00 0 
7f93a0ddf000-7f93a0f0d000 rw-p 00000000 00:00 0 
7f93a0f0d000-7f93a0f18000 rw-p 00000000 00:00 0 
7f93a0f18000-7f93a0faf000 rw-p 00000000 00:00 0 
7f93a0faf000-7f93a0fb0000 rw-p 00000000 00:00 0 
7f93a0fb0000-7f93a0fb8000 r-xp 00000000 07:00 678377                     /usr/lib/jvm/java-7-openjdk-amd64/jre/lib/amd64/libzip.so
7f93a0fb8000-7f93a11b7000 ---p 00008000 07:00 678377                     /usr/lib/jvm/java-7-openjdk-amd64/jre/lib/amd64/libzip.so
7f93a11b7000-7f93a11b8000 r--p 00007000 07:00 678377                     /usr/lib/jvm/java-7-openjdk-amd64/jre/lib/amd64/libzip.so
7f93a11b8000-7f93a11b9000 rw-p 00008000 07:00 678377                     /usr/lib/jvm/java-7-openjdk-amd64/jre/lib/amd64/libzip.so
7f93a11b9000-7f93a11c5000 r-xp 00000000 07:00 1443081                    /lib/x86_64-linux-gnu/libnss_files-2.15.so
7f93a11c5000-7f93a13c4000 ---p 0000c000 07:00 1443081                    /lib/x86_64-linux-gnu/libnss_files-2.15.so
7f93a13c4000-7f93a13c5000 r--p 0000b000 07:00 1443081                    /lib/x86_64-linux-gnu/libnss_files-2.15.so
7f93a13c5000-7f93a13c6000 rw-p 0000c000 07:00 1443081                    /lib/x86_64-linux-gnu/libnss_files-2.15.so
7f93a13c6000-7f93a13d0000 r-xp 00000000 07:00 1443085                    /lib/x86_64-linux-gnu/libnss_nis-2.15.so
7f93a13d0000-7f93a15d0000 ---p 0000a000 07:00 1443085                    /lib/x86_64-linux-gnu/libnss_nis-2.15.so
7f93a15d0000-7f93a15d1000 r--p 0000a000 07:00 1443085                    /lib/x86_64-linux-gnu/libnss_nis-2.15.so
7f93a15d1000-7f93a15d2000 rw-p 0000b000 07:00 1443085                    /lib/x86_64-linux-gnu/libnss_nis-2.15.so
7f93a15d2000-7f93a15e9000 r-xp 00000000 07:00 1443075                    /lib/x86_64-linux-gnu/libnsl-2.15.so
7f93a15e9000-7f93a17e8000 ---p 00017000 07:00 1443075                    /lib/x86_64-linux-gnu/libnsl-2.15.so
7f93a17e8000-7f93a17e9000 r--p 00016000 07:00 1443075                    /lib/x86_64-linux-gnu/libnsl-2.15.so
7f93a17e9000-7f93a17ea000 rw-p 00017000 07:00 1443075                    /lib/x86_64-linux-gnu/libnsl-2.15.so
7f93a17ea000-7f93a17ec000 rw-p 00000000 00:00 0 
7f93a17ec000-7f93a17f4000 r-xp 00000000 07:00 1443077                    /lib/x86_64-linux-gnu/libnss_compat-2.15.so
7f93a17f4000-7f93a19f3000 ---p 00008000 07:00 1443077                    /lib/x86_64-linux-gnu/libnss_compat-2.15.so
7f93a19f3000-7f93a19f4000 r--p 00007000 07:00 1443077                    /lib/x86_64-linux-gnu/libnss_compat-2.15.so
7f93a19f4000-7f93a19f5000 rw-p 00008000 07:00 1443077                    /lib/x86_64-linux-gnu/libnss_compat-2.15.so
7f93a19f5000-7f93a1cbe000 r--p 00000000 07:00 660789                     /usr/lib/locale/locale-archive
7f93a1cbe000-7f93a1cc1000 r-xp 00000000 07:00 678344                     /usr/lib/jvm/java-7-openjdk-amd64/jre/lib/amd64/libnpt.so
7f93a1cc1000-7f93a1ec0000 ---p 00003000 07:00 678344                     /usr/lib/jvm/java-7-openjdk-amd64/jre/lib/amd64/libnpt.so
7f93a1ec0000-7f93a1ec1000 r--p 00002000 07:00 678344                     /usr/lib/jvm/java-7-openjdk-amd64/jre/lib/amd64/libnpt.so
7f93a1ec1000-7f93a1ec2000 rw-p 00003000 07:00 678344                     /usr/lib/jvm/java-7-openjdk-amd64/jre/lib/amd64/libnpt.so
7f93a1ec2000-7f93a1efc000 r-xp 00000000 07:00 678349                     /usr/lib/jvm/java-7-openjdk-amd64/jre/lib/amd64/libjdwp.so
7f93a1efc000-7f93a20fb000 ---p 0003a000 07:00 678349                     /usr/lib/jvm/java-7-openjdk-amd64/jre/lib/amd64/libjdwp.so
7f93a20fb000-7f93a20fc000 r--p 00039000 07:00 678349                     /usr/lib/jvm/java-7-openjdk-amd64/jre/lib/amd64/libjdwp.so
7f93a20fc000-7f93a20fd000 rw-p 0003a000 07:00 678349                     /usr/lib/jvm/java-7-openjdk-amd64/jre/lib/amd64/libjdwp.so
7f93a20fd000-7f93a2128000 r-xp 00000000 07:00 678362                     /usr/lib/jvm/java-7-openjdk-amd64/jre/lib/amd64/libjava.so
7f93a2128000-7f93a2327000 ---p 0002b000 07:00 678362                     /usr/lib/jvm/java-7-openjdk-amd64/jre/lib/amd64/libjava.so
7f93a2327000-7f93a2328000 r--p 0002a000 07:00 678362                     /usr/lib/jvm/java-7-openjdk-amd64/jre/lib/amd64/libjava.so
7f93a2328000-7f93a232a000 rw-p 0002b000 07:00 678362                     /usr/lib/jvm/java-7-openjdk-amd64/jre/lib/amd64/libjava.so
7f93a232a000-7f93a2339000 r-xp 00000000 07:00 678361                     /usr/lib/jvm/java-7-openjdk-amd64/jre/lib/amd64/libverify.so
7f93a2339000-7f93a2538000 ---p 0000f000 07:00 678361                     /usr/lib/jvm/java-7-openjdk-amd64/jre/lib/amd64/libverify.so
7f93a2538000-7f93a253a000 r--p 0000e000 07:00 678361                     /usr/lib/jvm/java-7-openjdk-amd64/jre/lib/amd64/libverify.so
7f93a253a000-7f93a253b000 rw-p 00010000 07:00 678361                     /usr/lib/jvm/java-7-openjdk-amd64/jre/lib/amd64/libverify.so
7f93a253b000-7f93a2542000 r-xp 00000000 07:00 1443120                    /lib/x86_64-linux-gnu/librt-2.15.so
7f93a2542000-7f93a2741000 ---p 00007000 07:00 1443120                    /lib/x86_64-linux-gnu/librt-2.15.so
7f93a2741000-7f93a2742000 r--p 00006000 07:00 1443120                    /lib/x86_64-linux-gnu/librt-2.15.so
7f93a2742000-7f93a2743000 rw-p 00007000 07:00 1443120                    /lib/x86_64-linux-gnu/librt-2.15.so
7f93a2743000-7f93a2758000 r-xp 00000000 07:00 1443041                    /lib/x86_64-linux-gnu/libgcc_s.so.1
7f93a2758000-7f93a2957000 ---p 00015000 07:00 1443041                    /lib/x86_64-linux-gnu/libgcc_s.so.1
7f93a2957000-7f93a2958000 r--p 00014000 07:00 1443041                    /lib/x86_64-linux-gnu/libgcc_s.so.1
7f93a2958000-7f93a2959000 rw-p 00015000 07:00 1443041                    /lib/x86_64-linux-gnu/libgcc_s.so.1
7f93a2959000-7f93a2a54000 r-xp 00000000 07:00 1443058                    /lib/x86_64-linux-gnu/libm-2.15.so
7f93a2a54000-7f93a2c53000 ---p 000fb000 07:00 1443058                    /lib/x86_64-linux-gnu/libm-2.15.so
7f93a2c53000-7f93a2c54000 r--p 000fa000 07:00 1443058                    /lib/x86_64-linux-gnu/libm-2.15.so
7f93a2c54000-7f93a2c55000 rw-p 000fb000 07:00 1443058                    /lib/x86_64-linux-gnu/libm-2.15.so
7f93a2c55000-7f93a2d3a000 r-xp 00000000 07:00 662267                     /usr/lib/x86_64-linux-gnu/libstdc++.so.6.0.17
7f93a2d3a000-7f93a2f39000 ---p 000e5000 07:00 662267                     /usr/lib/x86_64-linux-gnu/libstdc++.so.6.0.17
7f93a2f39000-7f93a2f41000 r--p 000e4000 07:00 662267                     /usr/lib/x86_64-linux-gnu/libstdc++.so.6.0.17
7f93a2f41000-7f93a2f43000 rw-p 000ec000 07:00 662267                     /usr/lib/x86_64-linux-gnu/libstdc++.so.6.0.17
7f93a2f43000-7f93a2f58000 rw-p 00000000 00:00 0 
7f93a2f58000-7f93a3953000 r-xp 00000000 07:00 678366                     /usr/lib/jvm/java-7-openjdk-amd64/jre/lib/amd64/server/libjvm.so
7f93a3953000-7f93a3b52000 ---p 009fb000 07:00 678366                     /usr/lib/jvm/java-7-openjdk-amd64/jre/lib/amd64/server/libjvm.so
7f93a3b52000-7f93a3bd1000 r--p 009fa000 07:00 678366                     /usr/lib/jvm/java-7-openjdk-amd64/jre/lib/amd64/server/libjvm.so
7f93a3bd1000-7f93a3bf4000 rw-p 00a79000 07:00 678366                     /usr/lib/jvm/java-7-openjdk-amd64/jre/lib/amd64/server/libjvm.so
7f93a3bf4000-7f93a3c1f000 rw-p 00000000 00:00 0 
7f93a3c1f000-7f93a3c35000 r-xp 00000000 07:00 1443150                    /lib/x86_64-linux-gnu/libz.so.1.2.7
7f93a3c35000-7f93a3e34000 ---p 00016000 07:00 1443150                    /lib/x86_64-linux-gnu/libz.so.1.2.7
7f93a3e34000-7f93a3e35000 r--p 00015000 07:00 1443150                    /lib/x86_64-linux-gnu/libz.so.1.2.7
7f93a3e35000-7f93a3e36000 rw-p 00016000 07:00 1443150                    /lib/x86_64-linux-gnu/libz.so.1.2.7
7f93a3e36000-7f93a3e4e000 r-xp 00000000 07:00 1443112                    /lib/x86_64-linux-gnu/libpthread-2.15.so
7f93a3e4e000-7f93a404d000 ---p 00018000 07:00 1443112                    /lib/x86_64-linux-gnu/libpthread-2.15.so
7f93a404d000-7f93a404e000 r--p 00017000 07:00 1443112                    /lib/x86_64-linux-gnu/libpthread-2.15.so
7f93a404e000-7f93a404f000 rw-p 00018000 07:00 1443112                    /lib/x86_64-linux-gnu/libpthread-2.15.so
7f93a404f000-7f93a4053000 rw-p 00000000 00:00 0 
7f93a4053000-7f93a4055000 r-xp 00000000 07:00 1443031                    /lib/x86_64-linux-gnu/libdl-2.15.so
7f93a4055000-7f93a4255000 ---p 00002000 07:00 1443031                    /lib/x86_64-linux-gnu/libdl-2.15.so
7f93a4255000-7f93a4256000 r--p 00002000 07:00 1443031                    /lib/x86_64-linux-gnu/libdl-2.15.so
7f93a4256000-7f93a4257000 rw-p 00003000 07:00 1443031                    /lib/x86_64-linux-gnu/libdl-2.15.so
7f93a4257000-7f93a440c000 r-xp 00000000 07:00 1443016                    /lib/x86_64-linux-gnu/libc-2.15.so
7f93a440c000-7f93a460b000 ---p 001b5000 07:00 1443016                    /lib/x86_64-linux-gnu/libc-2.15.so
7f93a460b000-7f93a460f000 r--p 001b4000 07:00 1443016                    /lib/x86_64-linux-gnu/libc-2.15.so
7f93a460f000-7f93a4611000 rw-p 001b8000 07:00 1443016                    /lib/x86_64-linux-gnu/libc-2.15.so
7f93a4611000-7f93a4616000 rw-p 00000000 00:00 0 
7f93a462a000-7f93a462c000 rw-p 00000000 00:00 0 
7f93a462c000-7f93a462e000 r--s 00016000 07:00 920872                     /usr/share/java/cup-0.11a.jar
7f93a462e000-7f93a4631000 r--s 0000f000 07:00 657633                     /usr/lib/jvm/java-7-openjdk-common/jre/lib/ext/pulse-java.jar
7f93a4631000-7f93a4633000 r--s 00012000 07:00 657637                     /usr/lib/jvm/java-7-openjdk-common/jre/lib/ext/zipfs.jar
7f93a4633000-7f93a4637000 r--s 00085000 07:00 657630                     /usr/lib/jvm/java-7-openjdk-common/jre/lib/ext/localedata.jar
7f93a4637000-7f93a4644000 r-xp 00000000 07:00 678345                     /usr/lib/jvm/java-7-openjdk-amd64/jre/lib/amd64/jli/libjli.so
7f93a4644000-7f93a4843000 ---p 0000d000 07:00 678345                     /usr/lib/jvm/java-7-openjdk-amd64/jre/lib/amd64/jli/libjli.so
7f93a4843000-7f93a4844000 r--p 0000c000 07:00 678345                     /usr/lib/jvm/java-7-openjdk-amd64/jre/lib/amd64/jli/libjli.so
7f93a4844000-7f93a4845000 rw-p 0000d000 07:00 678345                     /usr/lib/jvm/java-7-openjdk-amd64/jre/lib/amd64/jli/libjli.so
7f93a4845000-7f93a4867000 r-xp 00000000 07:00 1442992                    /lib/x86_64-linux-gnu/ld-2.15.so
7f93a4867000-7f93a486a000 r--s 00032000 07:00 657631                     /usr/lib/jvm/java-7-openjdk-common/jre/lib/ext/sunjce_provider.jar
7f93a486a000-7f93a486b000 r--s 00002000 07:00 657635                     /usr/lib/jvm/java-7-openjdk-common/jre/lib/ext/dnsns.jar
7f93a486b000-7f93a486d000 r--s 00006000 07:00 923409                     /usr/share/java/java-atk-wrapper.jar
7f93a486d000-7f93a489f000 rw-p 00000000 00:00 0 
7f93a489f000-7f93a4955000 rw-p 00000000 00:00 0 
7f93a4955000-7f93a495d000 rw-s 00000000 07:00 1054153                    /tmp/hsperfdata_waqas/10287
7f93a495d000-7f93a495e000 rw-p 00000000 00:00 0 
7f93a495e000-7f93a495f000 r--p 00000000 00:00 0 
7f93a495f000-7f93a4962000 ---p 00000000 00:00 0 
7f93a4962000-7f93a4a67000 rw-p 00000000 00:00 0                          [stack:10289]
7f93a4a67000-7f93a4a68000 r--p 00022000 07:00 1442992                    /lib/x86_64-linux-gnu/ld-2.15.so
7f93a4a68000-7f93a4a6a000 rw-p 00023000 07:00 1442992                    /lib/x86_64-linux-gnu/ld-2.15.so
7fff34973000-7fff34994000 rw-p 00000000 00:00 0                          [stack]
7fff349bf000-7fff349c0000 r-xp 00000000 00:00 0                          [vdso]
ffffffffff600000-ffffffffff601000 r-xp 00000000 00:00 0                  [vsyscall]

VM Arguments:
jvm_args: -agentlib:jdwp=transport=dt_socket,suspend=y,address=localhost:59229 -Dfile.encoding=UTF-8 
java_command: jmm
Launcher Type: SUN_STANDARD

Environment Variables:
PATH=/usr/local/sbin:/usr/local/bin:/usr/sbin:/usr/bin:/sbin:/bin:/usr/games:/usr/local/games
USERNAME=waqas
SHELL=/bin/bash
DISPLAY=:0

Signal Handlers:
SIGSEGV: [libjvm.so+0x857570], sa_mask[0]=0x7ffbfeff, sa_flags=0x10000004
SIGBUS: [libjvm.so+0x857570], sa_mask[0]=0x7ffbfeff, sa_flags=0x10000004
SIGFPE: [libjvm.so+0x6f8270], sa_mask[0]=0x7ffbfeff, sa_flags=0x10000004
SIGPIPE: [libjvm.so+0x6f8270], sa_mask[0]=0x7ffbfeff, sa_flags=0x10000004
SIGXFSZ: [libjvm.so+0x6f8270], sa_mask[0]=0x7ffbfeff, sa_flags=0x10000004
SIGILL: [libjvm.so+0x6f8270], sa_mask[0]=0x7ffbfeff, sa_flags=0x10000004
SIGUSR1: SIG_DFL, sa_mask[0]=0x00000000, sa_flags=0x00000000
SIGUSR2: [libjvm.so+0x6f84c0], sa_mask[0]=0x00000004, sa_flags=0x10000004
SIGHUP: [libjvm.so+0x6f8600], sa_mask[0]=0x7ffbfeff, sa_flags=0x10000004
SIGINT: [libjvm.so+0x6f8600], sa_mask[0]=0x7ffbfeff, sa_flags=0x10000004
SIGTERM: [libjvm.so+0x6f8600], sa_mask[0]=0x7ffbfeff, sa_flags=0x10000004
SIGQUIT: [libjvm.so+0x6f8600], sa_mask[0]=0x7ffbfeff, sa_flags=0x10000004


---------------  S Y S T E M  ---------------

OS:LinuxMint 14 (nadia)
uname:Linux 3.5.0-17-generic #28-Ubuntu SMP Tue Oct 9 19:31:23 UTC 2012 x86_64
libc:glibc 2.15 NPTL 2.15 
rlimit: STACK 8192k, CORE 0k, NPROC 30837, NOFILE 4096, AS infinity
load average:0.33 0.47 0.59

/proc/meminfo:
MemTotal:        3972168 kB
MemFree:          157592 kB
Buffers:         1062904 kB
Cached:          1478448 kB
SwapCached:           48 kB
Active:          1380396 kB
Inactive:        2135168 kB
Active(anon):     481824 kB
Inactive(anon):   510040 kB
Active(file):     898572 kB
Inactive(file):  1625128 kB
Unevictable:          92 kB
Mlocked:               0 kB
SwapTotal:        262140 kB
SwapFree:         262068 kB
Dirty:              5780 kB
Writeback:             0 kB
AnonPages:        974328 kB
Mapped:           202568 kB
Shmem:             17560 kB
Slab:             141600 kB
SReclaimable:      90200 kB
SUnreclaim:        51400 kB
KernelStack:        3424 kB
PageTables:        29084 kB
NFS_Unstable:          0 kB
Bounce:                0 kB
WritebackTmp:          0 kB
CommitLimit:     2248224 kB
Committed_AS:    2709596 kB
VmallocTotal:   34359738367 kB
VmallocUsed:      129468 kB
VmallocChunk:   34359601083 kB
HardwareCorrupted:     0 kB
AnonHugePages:         0 kB
HugePages_Total:       0
HugePages_Free:        0
HugePages_Rsvd:        0
HugePages_Surp:        0
Hugepagesize:       2048 kB
DirectMap4k:     1483060 kB
DirectMap2M:     1585152 kB


CPU:total 2 (2 cores per cpu, 1 threads per core) family 6 model 23 stepping 10, cmov, cx8, fxsr, mmx, sse, sse2, sse3, ssse3, sse4.1, tsc

/proc/cpuinfo:
processor	: 0
vendor_id	: GenuineIntel
cpu family	: 6
model		: 23
model name	: Intel(R) Core(TM)2 Duo CPU     P9700  @ 2.80GHz
stepping	: 10
microcode	: 0xa0c
cpu MHz		: 2800.000
cache size	: 6144 KB
physical id	: 0
siblings	: 2
core id		: 0
cpu cores	: 2
apicid		: 0
initial apicid	: 0
fpu		: yes
fpu_exception	: yes
cpuid level	: 13
wp		: yes
flags		: fpu vme de pse tsc msr pae mce cx8 apic sep mtrr pge mca cmov pat pse36 clflush dts acpi mmx fxsr sse sse2 ss ht tm pbe syscall nx lm constant_tsc arch_perfmon pebs bts rep_good nopl aperfmperf pni dtes64 monitor ds_cpl vmx smx est tm2 ssse3 cx16 xtpr pdcm sse4_1 xsave lahf_lm ida dtherm tpr_shadow vnmi flexpriority
bogomips	: 5586.24
clflush size	: 64
cache_alignment	: 64
address sizes	: 36 bits physical, 48 bits virtual
power management:

processor	: 1
vendor_id	: GenuineIntel
cpu family	: 6
model		: 23
model name	: Intel(R) Core(TM)2 Duo CPU     P9700  @ 2.80GHz
stepping	: 10
microcode	: 0xa0c
cpu MHz		: 800.000
cache size	: 6144 KB
physical id	: 0
siblings	: 2
core id		: 1
cpu cores	: 2
apicid		: 1
initial apicid	: 1
fpu		: yes
fpu_exception	: yes
cpuid level	: 13
wp		: yes
flags		: fpu vme de pse tsc msr pae mce cx8 apic sep mtrr pge mca cmov pat pse36 clflush dts acpi mmx fxsr sse sse2 ss ht tm pbe syscall nx lm constant_tsc arch_perfmon pebs bts rep_good nopl aperfmperf pni dtes64 monitor ds_cpl vmx smx est tm2 ssse3 cx16 xtpr pdcm sse4_1 xsave lahf_lm ida dtherm tpr_shadow vnmi flexpriority
bogomips	: 5586.24
clflush size	: 64
cache_alignment	: 64
address sizes	: 36 bits physical, 48 bits virtual
power management:



Memory: 4k page, physical 3972168k(157592k free), swap 262140k(262068k free)

vm_info: OpenJDK 64-Bit Server VM (23.7-b01) for linux-amd64 JRE (1.7.0_15-b20), built on Mar  6 2013 20:21:28 by "buildd" with gcc 4.7.2

time: Fri Mar  8 14:06:19 2013
elapsed time: 7 seconds

